<?xml version="1.0" encoding="UTF-8"?>
<!-- Generated by org.testng.reporters.JUnitReportReporter -->
<testsuite skipped="1" hostname="DESKTOP-JCJ8HOK" name="testng.TNG_001" tests="3" failures="0" timestamp="19 Oct 2023 13:40:08 GMT" time="0.006" errors="0">
  <testcase name="f" time="0.003" classname="testng.TNG_001"/>
  <testcase name="a" time="0.003" classname="testng.TNG_001"/>
  <testcase name="z" classname="testng.TNG_001">
    <skipped/>
  </testcase> <!-- z -->
</testsuite> <!-- testng.TNG_001 -->
