<?xml version="1.0" encoding="UTF-8"?>
<!-- Generated by org.testng.reporters.JUnitReportReporter -->
<testsuite skipped="0" hostname="DESKTOP-JCJ8HOK" name="suiteB.TestB1" tests="1" failures="0" timestamp="25 Oct 2023 13:09:22 GMT" time="3.008" errors="0">
  <testcase name="testB1" time="3.008" classname="suiteB.TestB1"/>
</testsuite> <!-- suiteB.TestB1 -->
