<?xml version="1.0" encoding="UTF-8"?>
<!-- Generated by org.testng.reporters.JUnitReportReporter -->
<testsuite skipped="0" hostname="DESKTOP-JCJ8HOK" name="testng.TestMethodParlell" tests="6" failures="0" timestamp="25 Oct 2023 13:27:42 GMT" time="0.120" errors="0">
  <testcase name="testA1" time="0.031" classname="testng.TestMethodParlell"/>
  <testcase name="testA4" time="0.006" classname="testng.TestMethodParlell"/>
  <testcase name="testA3" time="0.031" classname="testng.TestMethodParlell"/>
  <testcase name="testA6" time="0.004" classname="testng.TestMethodParlell"/>
  <testcase name="testA2" time="0.031" classname="testng.TestMethodParlell"/>
  <testcase name="testA5" time="0.017" classname="testng.TestMethodParlell"/>
</testsuite> <!-- testng.TestMethodParlell -->
