<?xml version="1.0" encoding="UTF-8"?>
<!-- Generated by org.testng.reporters.JUnitReportReporter -->
<testsuite skipped="0" hostname="DESKTOP-JCJ8HOK" name="testng.NewTest" tests="1" failures="0" timestamp="19 Oct 2023 13:40:08 GMT" time="0.009" errors="0">
  <testcase name="f" time="0.009" classname="testng.NewTest"/>
</testsuite> <!-- testng.NewTest -->
