<?xml version="1.0" encoding="UTF-8"?>
<!-- Generated by org.testng.reporters.JUnitReportReporter -->
<testsuite skipped="0" hostname="DESKTOP-JCJ8HOK" name="testng.RadioButton1" tests="1" failures="0" timestamp="20 Oct 2023 13:27:54 GMT" time="15.396" errors="0">
  <testcase name="radioButtonTest" time="15.396" classname="testng.RadioButton1"/>
</testsuite> <!-- testng.RadioButton1 -->
