<?xml version="1.0" encoding="UTF-8"?>
<!-- Generated by org.testng.reporters.JUnitReportReporter -->
<testsuite skipped="0" hostname="DESKTOP-JCJ8HOK" name="testng.TNG_002" tests="1" failures="0" timestamp="09 Jan 2024 12:59:34 GMT" time="59.884" errors="0">
  <testcase name="amazon" time="59.884" classname="testng.TNG_002"/>
</testsuite> <!-- testng.TNG_002 -->
