<?xml version="1.0" encoding="UTF-8"?>
<!-- Generated by org.testng.reporters.JUnitReportReporter -->
<testsuite skipped="0" hostname="DESKTOP-JCJ8HOK" name="excelDataDriven.DataManagementwithDataprovider" tests="3" failures="0" timestamp="08 Nov 2023 12:53:07 GMT" time="0.019" errors="0">
  <testcase name="f" time="0.004" classname="excelDataDriven.DataManagementwithDataprovider"/>
  <testcase name="f" time="0.013" classname="excelDataDriven.DataManagementwithDataprovider"/>
  <testcase name="f" time="0.002" classname="excelDataDriven.DataManagementwithDataprovider"/>
</testsuite> <!-- excelDataDriven.DataManagementwithDataprovider -->
