<?xml version="1.0" encoding="UTF-8"?>
<!-- Generated by org.testng.reporters.JUnitReportReporter -->
<testsuite skipped="0" hostname="DESKTOP-JCJ8HOK" name="suiteA.TestA3" tests="1" failures="0" timestamp="25 Oct 2023 13:09:22 GMT" time="3.006" errors="0">
  <testcase name="testA3" time="3.006" classname="suiteA.TestA3"/>
</testsuite> <!-- suiteA.TestA3 -->
