<?xml version="1.0" encoding="UTF-8"?>
<!-- Generated by org.testng.reporters.JUnitReportReporter -->
<testsuite skipped="0" hostname="DESKTOP-JCJ8HOK" name="suiteB.TestB2" tests="1" failures="0" timestamp="25 Oct 2023 13:09:22 GMT" time="3.029" errors="0">
  <testcase name="testB2" time="3.029" classname="suiteB.TestB2"/>
</testsuite> <!-- suiteB.TestB2 -->
