<?xml version="1.0" encoding="UTF-8"?>
<!-- Generated by org.testng.reporters.JUnitReportReporter -->
<testsuite skipped="0" hostname="DESKTOP-JCJ8HOK" name="excelDataDriven.DataManagementwithHashTable" tests="2" failures="0" timestamp="08 Nov 2023 13:07:21 GMT" time="0.026" errors="0">
  <testcase name="f" time="0.020" classname="excelDataDriven.DataManagementwithHashTable"/>
  <testcase name="f" time="0.006" classname="excelDataDriven.DataManagementwithHashTable"/>
</testsuite> <!-- excelDataDriven.DataManagementwithHashTable -->
