<?xml version="1.0" encoding="UTF-8"?>
<!-- Generated by org.testng.reporters.JUnitReportReporter -->
<testsuite skipped="0" hostname="DESKTOP-JCJ8HOK" name="testng.LinksTesting1" tests="1" failures="0" timestamp="20 Oct 2023 13:27:54 GMT" time="8.441" errors="0">
  <testcase name="linktesting1" time="8.441" classname="testng.LinksTesting1"/>
</testsuite> <!-- testng.LinksTesting1 -->
