<?xml version="1.0" encoding="UTF-8"?>
<!-- Generated by org.testng.reporters.JUnitReportReporter -->
<testsuite skipped="0" hostname="DESKTOP-JCJ8HOK" name="suiteA.TestA1" tests="1" failures="0" timestamp="25 Oct 2023 13:09:22 GMT" time="3.029" errors="0">
  <testcase name="testA1" time="3.029" classname="suiteA.TestA1"/>
</testsuite> <!-- suiteA.TestA1 -->
