<?xml version="1.0" encoding="UTF-8"?>
<!-- Generated by org.testng.reporters.JUnitReportReporter -->
<testsuite skipped="0" hostname="DESKTOP-JCJ8HOK" name="excelDataDriven.dataManagementFinalVersion" tests="2" failures="0" timestamp="08 Nov 2023 13:14:29 GMT" time="0.028" errors="0">
  <testcase name="f" time="0.022" classname="excelDataDriven.dataManagementFinalVersion"/>
  <testcase name="f" time="0.006" classname="excelDataDriven.dataManagementFinalVersion"/>
</testsuite> <!-- excelDataDriven.dataManagementFinalVersion -->
