<?xml version="1.0" encoding="UTF-8"?>
<!-- Generated by org.testng.reporters.JUnitReportReporter -->
<testsuite skipped="0" hostname="DESKTOP-JCJ8HOK" name="testng.TestUser" tests="6" failures="0" timestamp="01 Nov 2023 13:23:43 GMT" time="0.050" errors="0">
  <testcase name="deleteUser" time="0.005" classname="testng.TestUser"/>
  <testcase name="deleteUser" time="0.003" classname="testng.TestUser"/>
  <testcase name="createUser" time="0.002" classname="testng.TestUser"/>
  <testcase name="createUser" time="0.020" classname="testng.TestUser"/>
  <testcase name="deleteUser" time="0.010" classname="testng.TestUser"/>
  <testcase name="createUser" time="0.010" classname="testng.TestUser"/>
</testsuite> <!-- testng.TestUser -->
