<?xml version="1.0" encoding="UTF-8"?>
<!-- Generated by org.testng.reporters.JUnitReportReporter -->
<testsuite skipped="0" hostname="DESKTOP-JCJ8HOK" name="testng.CheckBox1" tests="1" failures="0" timestamp="20 Oct 2023 13:27:54 GMT" time="10.268" errors="0">
  <testcase name="checkboxTest" time="10.268" classname="testng.CheckBox1"/>
</testsuite> <!-- testng.CheckBox1 -->
