<?xml version="1.0" encoding="UTF-8"?>
<!-- Generated by org.testng.reporters.JUnitReportReporter -->
<testsuite hostname="DESKTOP-JCJ8HOK" failures="0" tests="1" name="testng.TNG_002" time="18.420" errors="0" timestamp="10 Jan 2024 13:28:08 GMT" skipped="0">
  <testcase classname="testng.TNG_002" name="amazon" time="18.420"/>
</testsuite> <!-- testng.TNG_002 -->
